MAD-New-Dashboard/app/build/intermediates/manifest_merge_blame_file/debug/processDebugMainManifest/manifest-merger-blame-debug-report.txt
1<?xml version="1.0" encoding="utf-8"?>
2<manifest xmlns:android="http://schemas.android.com/apk/res/android"
3    package="com.example.maddashboard"
4    android:versionCode="1"
5    android:versionName="1.0" >
6
7    <uses-sdk
8        android:minSdkVersion="24"
9        android:targetSdkVersion="34" />
10
11    <!-- Include required permissions for Google Maps API to run. -->
12    <uses-permission android:name="android.permission.ACCESS_NETWORK_STATE" />
12-->[com.google.android.gms:play-services-maps:19.0.0] AndroidManifest.xml:23:5-79
12-->[com.google.android.gms:play-services-maps:19.0.0] AndroidManifest.xml:23:22-76
13    <uses-permission android:name="android.permission.INTERNET" />
13-->[com.google.android.gms:play-services-maps:19.0.0] AndroidManifest.xml:24:5-67
13-->[com.google.android.gms:play-services-maps:19.0.0] AndroidManifest.xml:24:22-64
14
15    <uses-feature
15-->[com.google.android.gms:play-services-maps:19.0.0] AndroidManifest.xml:26:5-28:35
16        android:glEsVersion="0x00020000"
16-->[com.google.android.gms:play-services-maps:19.0.0] AndroidManifest.xml:27:9-41
17        android:required="true" />
17-->[com.google.android.gms:play-services-maps:19.0.0] AndroidManifest.xml:28:9-32
18
19    <queries>
19-->[com.google.android.gms:play-services-maps:19.0.0] AndroidManifest.xml:30:5-34:15
20
21        <!-- Needs to be explicitly declared on Android R+ -->
22        <package android:name="com.google.android.apps.maps" />
22-->[com.google.android.gms:play-services-maps:19.0.0] AndroidManifest.xml:33:9-64
22-->[com.google.android.gms:play-services-maps:19.0.0] AndroidManifest.xml:33:18-61
23    </queries>
24
25    <permission
25-->[androidx.core:core:1.13.0] AndroidManifest.xml:22:5-24:47
26        android:name="com.example.maddashboard.DYNAMIC_RECEIVER_NOT_EXPORTED_PERMISSION"
26-->[androidx.core:core:1.13.0] AndroidManifest.xml:23:9-81
27        android:protectionLevel="signature" />
27-->[androidx.core:core:1.13.0] AndroidManifest.xml:24:9-44
28
29    <uses-permission android:name="com.example.maddashboard.DYNAMIC_RECEIVER_NOT_EXPORTED_PERMISSION" />
29-->[androidx.core:core:1.13.0] AndroidManifest.xml:26:5-97
29-->[androidx.core:core:1.13.0] AndroidManifest.xml:26:22-94
30
31    <application
31-->src\main\AndroidManifest.xml:6:5-65:19
32        android:allowBackup="true"
32-->src\main\AndroidManifest.xml:7:9-35
33        android:appComponentFactory="androidx.core.app.CoreComponentFactory"
33-->[androidx.core:core:1.13.0] AndroidManifest.xml:28:18-86
34        android:dataExtractionRules="@xml/data_extraction_rules"
34-->src\main\AndroidManifest.xml:8:9-65
35        android:debuggable="true"
36        android:extractNativeLibs="false"
37        android:fullBackupContent="@xml/backup_rules"
37-->src\main\AndroidManifest.xml:9:9-54
38        android:icon="@mipmap/ic_launcher"
38-->src\main\AndroidManifest.xml:10:9-43
39        android:label="@string/app_name"
39-->src\main\AndroidManifest.xml:11:9-41
40        android:roundIcon="@mipmap/ic_launcher_round"
40-->src\main\AndroidManifest.xml:12:9-54
41        android:supportsRtl="true"
41-->src\main\AndroidManifest.xml:13:9-35
42        android:testOnly="true"
43        android:theme="@style/Theme.MADLoginpage" >
43-->src\main\AndroidManifest.xml:14:9-50
44        <activity
44-->src\main\AndroidManifest.xml:16:9-18:40
45            android:name="com.example.maddashboard.ChangePasswordSuccessActivity"
45-->src\main\AndroidManifest.xml:17:13-58
46            android:exported="false" />
46-->src\main\AndroidManifest.xml:18:13-37
47        <activity
47-->src\main\AndroidManifest.xml:19:9-21:40
48            android:name="com.example.maddashboard.EnterNewPasswordActivity"
48-->src\main\AndroidManifest.xml:20:13-53
49            android:exported="false" />
49-->src\main\AndroidManifest.xml:21:13-37
50        <activity
50-->src\main\AndroidManifest.xml:22:9-24:40
51            android:name="com.example.maddashboard.UploadeImageActivity"
51-->src\main\AndroidManifest.xml:23:13-49
52            android:exported="false" />
52-->src\main\AndroidManifest.xml:24:13-37
53        <activity
53-->src\main\AndroidManifest.xml:25:9-27:40
54            android:name="com.example.maddashboard.NotificationActivity"
54-->src\main\AndroidManifest.xml:26:13-49
55            android:exported="false" />
55-->src\main\AndroidManifest.xml:27:13-37
56        <activity
56-->src\main\AndroidManifest.xml:28:9-30:40
57            android:name="com.example.maddashboard.CreateCourceActivity"
57-->src\main\AndroidManifest.xml:29:13-49
58            android:exported="false" />
58-->src\main\AndroidManifest.xml:30:13-37
59        <activity
59-->src\main\AndroidManifest.xml:31:9-33:40
60            android:name="com.example.maddashboard.AddBranchActivity"
60-->src\main\AndroidManifest.xml:32:13-46
61            android:exported="false" />
61-->src\main\AndroidManifest.xml:33:13-37
62        <activity
62-->src\main\AndroidManifest.xml:34:9-36:40
63            android:name="com.example.maddashboard.RegistationSuccessfulyActivity"
63-->src\main\AndroidManifest.xml:35:13-59
64            android:exported="false" />
64-->src\main\AndroidManifest.xml:36:13-37
65        <activity
65-->src\main\AndroidManifest.xml:37:9-39:40
66            android:name="com.example.maddashboard.CourseRegistationActivity"
66-->src\main\AndroidManifest.xml:38:13-54
67            android:exported="false" />
67-->src\main\AndroidManifest.xml:39:13-37
68        <activity
68-->src\main\AndroidManifest.xml:40:9-42:40
69            android:name="com.example.maddashboard.AdminHomeActivity"
69-->src\main\AndroidManifest.xml:41:13-46
70            android:exported="false" />
70-->src\main\AndroidManifest.xml:42:13-37
71        <activity
71-->src\main\AndroidManifest.xml:43:9-45:40
72            android:name="com.example.maddashboard.GuestHomeActivity"
72-->src\main\AndroidManifest.xml:44:13-46
73            android:exported="false" />
73-->src\main\AndroidManifest.xml:45:13-37
74        <activity
74-->src\main\AndroidManifest.xml:46:9-48:39
75            android:name="com.example.maddashboard.Login_page"
75-->src\main\AndroidManifest.xml:47:13-39
76            android:exported="true" />
76-->src\main\AndroidManifest.xml:48:13-36
77        <activity
77-->src\main\AndroidManifest.xml:49:9-51:39
78            android:name="com.example.maddashboard.FogetPasswordActivity"
78-->src\main\AndroidManifest.xml:50:13-50
79            android:exported="true" />
79-->src\main\AndroidManifest.xml:51:13-36
80        <activity
80-->src\main\AndroidManifest.xml:52:9-54:40
81            android:name="com.example.maddashboard.LoginActivity"
81-->src\main\AndroidManifest.xml:53:13-42
82            android:exported="false" />
82-->src\main\AndroidManifest.xml:54:13-37
83        <activity
83-->src\main\AndroidManifest.xml:55:9-57:40
84            android:name="com.example.maddashboard.SignInActivity"
84-->src\main\AndroidManifest.xml:56:13-43
85            android:exported="false" />
85-->src\main\AndroidManifest.xml:57:13-37
86        <activity
86-->src\main\AndroidManifest.xml:58:9-64:20
87            android:name="com.example.maddashboard.MainActivity"
87-->src\main\AndroidManifest.xml:58:19-47
88            android:exported="true" >
88-->src\main\AndroidManifest.xml:59:13-36
89            <intent-filter>
89-->src\main\AndroidManifest.xml:60:13-63:29
90                <action android:name="android.intent.action.MAIN" />
90-->src\main\AndroidManifest.xml:61:17-69
90-->src\main\AndroidManifest.xml:61:25-66
91
92                <category android:name="android.intent.category.LAUNCHER" />
92-->src\main\AndroidManifest.xml:62:17-77
92-->src\main\AndroidManifest.xml:62:27-74
93            </intent-filter>
94        </activity>
95        <!-- Needs to be explicitly declared on P+ -->
96        <uses-library
96-->[com.google.android.gms:play-services-maps:19.0.0] AndroidManifest.xml:39:9-41:40
97            android:name="org.apache.http.legacy"
97-->[com.google.android.gms:play-services-maps:19.0.0] AndroidManifest.xml:40:13-50
98            android:required="false" />
98-->[com.google.android.gms:play-services-maps:19.0.0] AndroidManifest.xml:41:13-37
99
100        <activity
100-->[com.google.android.gms:play-services-base:18.5.0] AndroidManifest.xml:5:9-173
101            android:name="com.google.android.gms.common.api.GoogleApiActivity"
101-->[com.google.android.gms:play-services-base:18.5.0] AndroidManifest.xml:5:19-85
102            android:exported="false"
102-->[com.google.android.gms:play-services-base:18.5.0] AndroidManifest.xml:5:146-170
103            android:theme="@android:style/Theme.Translucent.NoTitleBar" />
103-->[com.google.android.gms:play-services-base:18.5.0] AndroidManifest.xml:5:86-145
104
105        <meta-data
105-->[com.google.android.gms:play-services-basement:18.4.0] AndroidManifest.xml:6:9-122
106            android:name="com.google.android.gms.version"
106-->[com.google.android.gms:play-services-basement:18.4.0] AndroidManifest.xml:6:20-65
107            android:value="@integer/google_play_services_version" />
107-->[com.google.android.gms:play-services-basement:18.4.0] AndroidManifest.xml:6:66-119
108
109        <provider
109-->[androidx.emoji2:emoji2:1.3.0] AndroidManifest.xml:24:9-32:20
110            android:name="androidx.startup.InitializationProvider"
110-->[androidx.emoji2:emoji2:1.3.0] AndroidManifest.xml:25:13-67
111            android:authorities="com.example.maddashboard.androidx-startup"
111-->[androidx.emoji2:emoji2:1.3.0] AndroidManifest.xml:26:13-68
112            android:exported="false" >
112-->[androidx.emoji2:emoji2:1.3.0] AndroidManifest.xml:27:13-37
113            <meta-data
113-->[androidx.emoji2:emoji2:1.3.0] AndroidManifest.xml:29:13-31:52
114                android:name="androidx.emoji2.text.EmojiCompatInitializer"
114-->[androidx.emoji2:emoji2:1.3.0] AndroidManifest.xml:30:17-75
115                android:value="androidx.startup" />
115-->[androidx.emoji2:emoji2:1.3.0] AndroidManifest.xml:31:17-49
116            <meta-data
116-->[androidx.lifecycle:lifecycle-process:2.6.2] AndroidManifest.xml:29:13-31:52
117                android:name="androidx.lifecycle.ProcessLifecycleInitializer"
117-->[androidx.lifecycle:lifecycle-process:2.6.2] AndroidManifest.xml:30:17-78
118                android:value="androidx.startup" />
118-->[androidx.lifecycle:lifecycle-process:2.6.2] AndroidManifest.xml:31:17-49
119            <meta-data
119-->[androidx.profileinstaller:profileinstaller:1.4.0] AndroidManifest.xml:29:13-31:52
120                android:name="androidx.profileinstaller.ProfileInstallerInitializer"
120-->[androidx.profileinstaller:profileinstaller:1.4.0] AndroidManifest.xml:30:17-85
121                android:value="androidx.startup" />
121-->[androidx.profileinstaller:profileinstaller:1.4.0] AndroidManifest.xml:31:17-49
122        </provider>
123
124        <receiver
124-->[androidx.profileinstaller:profileinstaller:1.4.0] AndroidManifest.xml:34:9-52:20
125            android:name="androidx.profileinstaller.ProfileInstallReceiver"
125-->[androidx.profileinstaller:profileinstaller:1.4.0] AndroidManifest.xml:35:13-76
126            android:directBootAware="false"
126-->[androidx.profileinstaller:profileinstaller:1.4.0] AndroidManifest.xml:36:13-44
127            android:enabled="true"
127-->[androidx.profileinstaller:profileinstaller:1.4.0] AndroidManifest.xml:37:13-35
128            android:exported="true"
128-->[androidx.profileinstaller:profileinstaller:1.4.0] AndroidManifest.xml:38:13-36
129            android:permission="android.permission.DUMP" >
129-->[androidx.profileinstaller:profileinstaller:1.4.0] AndroidManifest.xml:39:13-57
130            <intent-filter>
130-->[androidx.profileinstaller:profileinstaller:1.4.0] AndroidManifest.xml:40:13-42:29
131                <action android:name="androidx.profileinstaller.action.INSTALL_PROFILE" />
131-->[androidx.profileinstaller:profileinstaller:1.4.0] AndroidManifest.xml:41:17-91
131-->[androidx.profileinstaller:profileinstaller:1.4.0] AndroidManifest.xml:41:25-88
132            </intent-filter>
133            <intent-filter>
133-->[androidx.profileinstaller:profileinstaller:1.4.0] AndroidManifest.xml:43:13-45:29
134                <action android:name="androidx.profileinstaller.action.SKIP_FILE" />
134-->[androidx.profileinstaller:profileinstaller:1.4.0] AndroidManifest.xml:44:17-85
134-->[androidx.profileinstaller:profileinstaller:1.4.0] AndroidManifest.xml:44:25-82
135            </intent-filter>
136            <intent-filter>
136-->[androidx.profileinstaller:profileinstaller:1.4.0] AndroidManifest.xml:46:13-48:29
137                <action android:name="androidx.profileinstaller.action.SAVE_PROFILE" />
137-->[androidx.profileinstaller:profileinstaller:1.4.0] AndroidManifest.xml:47:17-88
137-->[androidx.profileinstaller:profileinstaller:1.4.0] AndroidManifest.xml:47:25-85
138            </intent-filter>
139            <intent-filter>
139-->[androidx.profileinstaller:profileinstaller:1.4.0] AndroidManifest.xml:49:13-51:29
140                <action android:name="androidx.profileinstaller.action.BENCHMARK_OPERATION" />
140-->[androidx.profileinstaller:profileinstaller:1.4.0] AndroidManifest.xml:50:17-95
140-->[androidx.profileinstaller:profileinstaller:1.4.0] AndroidManifest.xml:50:25-92
141            </intent-filter>
142        </receiver>
143    </application>
144
145</manifest>